-------------------------------------------------------------------------------
Test set: TestSuite
-------------------------------------------------------------------------------
Tests run: 2, Failures: 1, Errors: 0, Skipped: 0, Time elapsed: 789.275 s <<< FAILURE! - in TestSuite
com.ot.automation.tests.SanityUnits.sanityTestExecutionMbtDPUnit  Time elapsed: 709.741 s  <<< FAILURE!
java.lang.AssertionError: General run status not as expected. Expected: 1 passed, 0 failed, 0 skipped. Actual: 0 passed, 1 failed, 0 skipped. expected [true] but found [false]
	at com.ot.automation.tests.SanityUnits.expectGeneralRunStatus(SanityUnits.java:1408)
	at com.ot.automation.tests.SanityUnits.sanityTestExecutionMbtDPUnit(SanityUnits.java:713)

