<?xml version="1.0" encoding="UTF-8"?>
<testsuite xmlns:xsi="http://www.w3.org/2001/XMLSchema-instance" xsi:noNamespaceSchemaLocation="https://maven.apache.org/surefire/maven-surefire-plugin/xsd/surefire-test-report-3.0.xsd" version="3.0" name="TestSuite" time="789.275" tests="2" errors="0" skipped="0" failures="1">
  <properties>
[...]
</properties>
  <testcase name="loginOctaneUnit" classname="com.ot.automation.tests.SanityUnits" time="38.666">
    <system-out><![CDATA[2025-03-04 16:40:19 [main] WARN  org.testng.xml.TestNGContentHandler - It is strongly recommended to add "<!DOCTYPE suite SYSTEM "https://testng.org/testng-1.0.dtd" >" at the top of the suite file [C:\dev\fte-automation\sanity.xml] otherwise TestNG may fail or not work as expected.
2025-03-04 16:40:19 [main] INFO  com.ot.automation.tests.SanityUnits - *********** Starting to initialize Env before tests run: 1741099219834
using @puppeteer/browsers to download chromedriver
npx.cmd @puppeteer/browsers install chromedriver@133 --path C:\dev\FteSanity\src\test\resources
chrome driver file path: C:\dev\FteSanity\src\test\resources\chromedriver\win64-133.0.6943.141\chromedriver-win64\chromedriver.exe
2025-03-04 16:40:24 [main] INFO  com.ot.automation.tests.SanityUnits - *********** Finish to initialize Env before tests run: 1741099224361. test run took 4527 ms
initialize took 4527 milliseconds
2025-03-04 16:40:24 [main] INFO  com.ot.automation.tests.SanityUnits - *********** Login to Octane start: 1741099224396
2025-03-04 16:41:03 [main] INFO  com.ot.automation.tests.SanityUnits - *********** Login to Octane end: 1741099263113. test run took 38717 ms
]]></system-out>
    <system-err><![CDATA[Mar 04, 2025 4:40:24 PM org.openqa.selenium.devtools.CdpVersionFinder findNearestMatch
WARNING: Unable to find CDP implementation matching 133
Mar 04, 2025 4:40:24 PM org.openqa.selenium.chromium.ChromiumDriver lambda$new$5
WARNING: Unable to find version of CDP to use for 133.0.6943.142. You may need to include a dependency on a specific version of the CDP using something similar to `org.seleniumhq.selenium:selenium-devtools-v86:4.11.0` where the version ("v86") matches the version of the chromium-based browser you're using and the version number of the artifact is the same as Selenium's.
]]></system-err>
  </testcase>
  <testcase name="sanityTestExecutionMbtDPUnit" classname="com.ot.automation.tests.SanityUnits" time="709.741">
    <failure message="General run status not as expected. Expected: 1 passed, 0 failed, 0 skipped. Actual: 0 passed, 1 failed, 0 skipped. expected [true] but found [false]" type="java.lang.AssertionError"><![CDATA[java.lang.AssertionError: General run status not as expected. Expected: 1 passed, 0 failed, 0 skipped. Actual: 0 passed, 1 failed, 0 skipped. expected [true] but found [false]
	at com.ot.automation.tests.SanityUnits.expectGeneralRunStatus(SanityUnits.java:1408)
	at com.ot.automation.tests.SanityUnits.sanityTestExecutionMbtDPUnit(SanityUnits.java:713)
]]></failure>
    <system-out><![CDATA[2025-03-04 16:41:03 [main] INFO  com.ot.automation.tests.SanityUnits - *********** Execution of Data Population MBT UFT One start: 1741099263113
2025-03-04 16:41:03 [main] INFO  com.ot.automation.tests.SanityUnits - *********** Create Model, MBT and TS for DP: 1741099263113
2025-03-04 16:42:21 [main] INFO  com.ot.automation.tests.SanityUnits - *********** Create Model, MBT and TS for DP End: 1741099341216, duration 78103
2025-03-04 16:43:57 [main] INFO  com.ot.automation.tests.SanityUnits - *********** Schedule Run Execution of Data Population MBT UFT One start: 1741099437451
]]></system-out>
  </testcase>
</testsuite>